[debug] [2017-11-06T23:55:10.643Z] ----------------------------------------------------------------------
[debug] [2017-11-06T23:55:10.645Z] Command:       C:\Program Files\nodejs\node.exe C:\Users\Ethan\AppData\Roaming\npm\node_modules\firebase-tools\bin\firebase serve --only functions,hosting
[debug] [2017-11-06T23:55:10.645Z] CLI Version:   3.14.0
[debug] [2017-11-06T23:55:10.645Z] Platform:      win32
[debug] [2017-11-06T23:55:10.645Z] Node Version:  v8.4.0
[debug] [2017-11-06T23:55:10.645Z] Time:          Mon Nov 06 2017 18:55:10 GMT-0500 (Eastern Standard Time)
[debug] [2017-11-06T23:55:10.646Z] ----------------------------------------------------------------------
[debug] 
[debug] [2017-11-06T23:55:10.665Z] > command requires scopes: ["email","openid","https://www.googleapis.com/auth/cloudplatformprojects.readonly","https://www.googleapis.com/auth/firebase","https://www.googleapis.com/auth/cloud-platform"]
[debug] [2017-11-06T23:55:10.666Z] > authorizing via signed-in user
[debug] [2017-11-06T23:55:10.667Z] > refreshing access token with scopes: ["email","https://www.googleapis.com/auth/cloud-platform","https://www.googleapis.com/auth/cloudplatformprojects.readonly","https://www.googleapis.com/auth/firebase","openid"]
[debug] [2017-11-06T23:55:10.667Z] >>> HTTP REQUEST POST https://www.googleapis.com/oauth2/v3/token { refresh_token: '1/CMksn5yT2dv0Vwga3vgpkG4wDDQEdPXtOAteaRmC4CM',
  client_id: '563584335869-fgrhgmd47bqnekij5i8b5pr03ho849e6.apps.googleusercontent.com',
  client_secret: 'j9iVZfS8kkCEFUPaAeJV0sAi',
  grant_type: 'refresh_token',
  scope: 'email https://www.googleapis.com/auth/cloud-platform https://www.googleapis.com/auth/cloudplatformprojects.readonly https://www.googleapis.com/auth/firebase openid' } 
 Mon Nov 06 2017 18:55:10 GMT-0500 (Eastern Standard Time)
[debug] [2017-11-06T23:55:10.843Z] <<< HTTP RESPONSE 200
[debug] [2017-11-06T23:55:10.854Z] >>> HTTP REQUEST GET https://admin.firebase.com/v1/projects/turboinputs  
 Mon Nov 06 2017 18:55:10 GMT-0500 (Eastern Standard Time)
[debug] [2017-11-06T23:55:11.246Z] <<< HTTP RESPONSE 200
[debug] [2017-11-06T23:55:11.248Z] >>> HTTP REQUEST GET https://admin.firebase.com/v1/database/turboinputs/tokens  
 Mon Nov 06 2017 18:55:11 GMT-0500 (Eastern Standard Time)
[debug] [2017-11-06T23:55:11.673Z] <<< HTTP RESPONSE 200
[info] 
[info] === Serving from 'C:\Users\Ethan\programs\turbo-inputs'...
[info] 
[info] i  functions: Preparing to emulate functions.
[debug] [2017-11-06T23:55:12.285Z] >>> HTTP REQUEST GET https://appengine.googleapis.com/v1/apps/turboinputs  
 Mon Nov 06 2017 18:55:12 GMT-0500 (Eastern Standard Time)
[debug] [2017-11-06T23:55:12.285Z] >>> HTTP REQUEST GET https://apikeys.googleapis.com/v1/projects/turboinputs/apiKeys  
 Mon Nov 06 2017 18:55:12 GMT-0500 (Eastern Standard Time)
[debug] [2017-11-06T23:55:12.286Z] >>> HTTP REQUEST GET https://cloudresourcemanager.googleapis.com/v1/projects/turboinputs  
 Mon Nov 06 2017 18:55:12 GMT-0500 (Eastern Standard Time)
[debug] [2017-11-06T23:55:12.706Z] <<< HTTP RESPONSE 200
[debug] [2017-11-06T23:55:12.708Z] >>> HTTP REQUEST GET https://mobilesdk-pa.googleapis.com/v1/projects/655126826456/clients/_:getWebAppConfig  
 Mon Nov 06 2017 18:55:12 GMT-0500 (Eastern Standard Time)
[debug] [2017-11-06T23:55:12.784Z] <<< HTTP RESPONSE 200
[debug] [2017-11-06T23:55:12.818Z] <<< HTTP RESPONSE 200
[debug] [2017-11-06T23:55:13.159Z] <<< HTTP RESPONSE 200
[info] i  hosting: Serving hosting files from: dist
[info] +  hosting: Local server: http://localhost:5000

[info] +  functions: app: http://localhost:5001/turboinputs/us-central1/app
[info] [hosting] Rewriting /gameId/?gameId=sf3 to local function app
[info] [hosting] Rewriting /gameId/?gameId=sf3 to local function app
